<?xml version="1.0" encoding="UTF-8"?>
<!-- Generated by org.testng.reporters.JUnitReportReporter -->
<testsuite hostname="LAPTOP-EC37BAJE" failures="0" tests="2" name="runners.TaggedRunner" time="0.165" errors="0" timestamp="2023-01-30T11:56:47 IST" skipped="0">
  <testcase classname="runners.TaggedRunner" name="runScenario" time="0.032"/>
  <system-out/>
  <testcase classname="runners.TaggedRunner" name="runScenario" time="0.133"/>
  <system-out/>
</testsuite> <!-- runners.TaggedRunner -->
