<?xml version="1.0" encoding="UTF-8"?>
<!-- Generated by org.testng.reporters.JUnitReportReporter -->
<testsuite hostname="LAPTOP-EC37BAJE" failures="0" tests="1" name="runners.UserLoginRunner" time="19.117" errors="0" timestamp="2023-01-27T12:04:33 IST" skipped="0">
  <testcase classname="runners.UserLoginRunner" name="runScenario" time="19.117"/>
  <system-out/>
</testsuite> <!-- runners.UserLoginRunner -->
