<?xml version="1.0" encoding="UTF-8"?>
<!-- Generated by org.testng.reporters.JUnitReportReporter -->
<testsuite hostname="LAPTOP-EC37BAJE" failures="0" tests="1" name="runners.RerunRunner" time="7.336" errors="0" timestamp="2023-01-27T10:15:49 IST" skipped="0">
  <testcase classname="runners.RerunRunner" name="runScenario" time="7.336"/>
  <system-out/>
</testsuite> <!-- runners.RerunRunner -->
